host:localhost:4000 method:GET url:/medical-project/api/category/getIconList? UA:Mozilla/5.0 (iPhone; CPU iPhone OS 13_2_3 like Mac OS X) AppleWebKit/605.1.15 (KHTML, like Gecko) Version/13.0.3 Mobile/15E148 Safari/604.1 访问日期:2021-10-25 12:32:32 ├F10: AM┤ 响应时间:4ms
host:localhost:4000 method:GET url:/medical-project/api/category/getIconList? UA:Mozilla/5.0 (iPhone; CPU iPhone OS 13_2_3 like Mac OS X) AppleWebKit/605.1.15 (KHTML, like Gecko) Version/13.0.3 Mobile/15E148 Safari/604.1 访问日期:2021-10-25 12:32:32 ├F10: AM┤ 响应时间:0ms
host:localhost:4000 method:GET url:/medical-project/api/category/getIconList? UA:Mozilla/5.0 (iPhone; CPU iPhone OS 13_2_3 like Mac OS X) AppleWebKit/605.1.15 (KHTML, like Gecko) Version/13.0.3 Mobile/15E148 Safari/604.1 访问日期:2021-10-25 12:32:33 ├F10: AM┤ 响应时间:1ms
host:localhost:4000 method:GET url:/medical-project/api/category/getIconList? UA:Mozilla/5.0 (iPhone; CPU iPhone OS 13_2_3 like Mac OS X) AppleWebKit/605.1.15 (KHTML, like Gecko) Version/13.0.3 Mobile/15E148 Safari/604.1 访问日期:2021-10-25 12:32:33 ├F10: AM┤ 响应时间:0ms
host:localhost:4000 method:GET url:/medical-project/api/category/getIconList? UA:Mozilla/5.0 (iPhone; CPU iPhone OS 13_2_3 like Mac OS X) AppleWebKit/605.1.15 (KHTML, like Gecko) Version/13.0.3 Mobile/15E148 Safari/604.1 访问日期:2021-10-25 12:32:34 ├F10: AM┤ 响应时间:0ms
host:localhost:4000 method:GET url:/medical-project/api/category/getIconList? UA:Mozilla/5.0 (iPhone; CPU iPhone OS 13_2_3 like Mac OS X) AppleWebKit/605.1.15 (KHTML, like Gecko) Version/13.0.3 Mobile/15E148 Safari/604.1 访问日期:2021-10-25 12:32:35 ├F10: AM┤ 响应时间:1ms
host:localhost:4000 method:GET url:/medical-project/api/category/getIconList? UA:Mozilla/5.0 (iPhone; CPU iPhone OS 13_2_3 like Mac OS X) AppleWebKit/605.1.15 (KHTML, like Gecko) Version/13.0.3 Mobile/15E148 Safari/604.1 访问日期:2021-10-25 12:32:35 ├F10: AM┤ 响应时间:1ms
host:localhost:4000 method:GET url:/medical-project/api/category/getIconList? UA:Mozilla/5.0 (iPhone; CPU iPhone OS 13_2_3 like Mac OS X) AppleWebKit/605.1.15 (KHTML, like Gecko) Version/13.0.3 Mobile/15E148 Safari/604.1 访问日期:2021-10-25 12:32:36 ├F10: AM┤ 响应时间:0ms
host:localhost:4000 method:GET url:/medical-project/api/category/getIconList? UA:Mozilla/5.0 (iPhone; CPU iPhone OS 13_2_3 like Mac OS X) AppleWebKit/605.1.15 (KHTML, like Gecko) Version/13.0.3 Mobile/15E148 Safari/604.1 访问日期:2021-10-25 12:32:36 ├F10: AM┤ 响应时间:0ms
host:localhost:4000 method:GET url:/medical-project/api/category/getIconList? UA:Mozilla/5.0 (iPhone; CPU iPhone OS 13_2_3 like Mac OS X) AppleWebKit/605.1.15 (KHTML, like Gecko) Version/13.0.3 Mobile/15E148 Safari/604.1 访问日期:2021-10-25 12:32:37 ├F10: AM┤ 响应时间:0ms
host:localhost:4000 method:GET url:/medical-project/api/category/getIconList? UA:Mozilla/5.0 (iPhone; CPU iPhone OS 13_2_3 like Mac OS X) AppleWebKit/605.1.15 (KHTML, like Gecko) Version/13.0.3 Mobile/15E148 Safari/604.1 访问日期:2021-10-25 12:32:37 ├F10: AM┤ 响应时间:0ms
host:localhost:4000 method:GET url:/medical-project/api/category/getIconList? UA:Mozilla/5.0 (iPhone; CPU iPhone OS 13_2_3 like Mac OS X) AppleWebKit/605.1.15 (KHTML, like Gecko) Version/13.0.3 Mobile/15E148 Safari/604.1 访问日期:2021-10-25 12:32:38 ├F10: AM┤ 响应时间:1ms
host:localhost:4000 method:GET url:/medical-project/api/category/getIconList? UA:Mozilla/5.0 (iPhone; CPU iPhone OS 13_2_3 like Mac OS X) AppleWebKit/605.1.15 (KHTML, like Gecko) Version/13.0.3 Mobile/15E148 Safari/604.1 访问日期:2021-10-25 12:32:38 ├F10: AM┤ 响应时间:1ms
host:localhost:4000 method:GET url:/medical-project/api/category/getIconList? UA:Mozilla/5.0 (iPhone; CPU iPhone OS 13_2_3 like Mac OS X) AppleWebKit/605.1.15 (KHTML, like Gecko) Version/13.0.3 Mobile/15E148 Safari/604.1 访问日期:2021-10-25 12:32:39 ├F10: AM┤ 响应时间:0ms
host:localhost:4000 method:GET url:/medical-project/api/category/getIconList? UA:Mozilla/5.0 (iPhone; CPU iPhone OS 13_2_3 like Mac OS X) AppleWebKit/605.1.15 (KHTML, like Gecko) Version/13.0.3 Mobile/15E148 Safari/604.1 访问日期:2021-10-25 12:32:39 ├F10: AM┤ 响应时间:1ms
host:localhost:4000 method:GET url:/medical-project/api/category/getIconList? UA:Mozilla/5.0 (iPhone; CPU iPhone OS 13_2_3 like Mac OS X) AppleWebKit/605.1.15 (KHTML, like Gecko) Version/13.0.3 Mobile/15E148 Safari/604.1 访问日期:2021-10-25 12:32:40 ├F10: AM┤ 响应时间:0ms
host:localhost:4000 method:GET url:/medical-project/api/category/getIconList? UA:Mozilla/5.0 (iPhone; CPU iPhone OS 13_2_3 like Mac OS X) AppleWebKit/605.1.15 (KHTML, like Gecko) Version/13.0.3 Mobile/15E148 Safari/604.1 访问日期:2021-10-25 12:32:40 ├F10: AM┤ 响应时间:1ms
host:localhost:4000 method:GET url:/medical-project/api/category/getIconList? UA:Mozilla/5.0 (iPhone; CPU iPhone OS 13_2_3 like Mac OS X) AppleWebKit/605.1.15 (KHTML, like Gecko) Version/13.0.3 Mobile/15E148 Safari/604.1 访问日期:2021-10-25 12:32:41 ├F10: AM┤ 响应时间:1ms
host:localhost:4000 method:GET url:/medical-project/api/category/getIconList? UA:Mozilla/5.0 (iPhone; CPU iPhone OS 13_2_3 like Mac OS X) AppleWebKit/605.1.15 (KHTML, like Gecko) Version/13.0.3 Mobile/15E148 Safari/604.1 访问日期:2021-10-25 12:32:41 ├F10: AM┤ 响应时间:0ms
host:localhost:4000 method:GET url:/medical-project/api/category/getIconList? UA:Mozilla/5.0 (iPhone; CPU iPhone OS 13_2_3 like Mac OS X) AppleWebKit/605.1.15 (KHTML, like Gecko) Version/13.0.3 Mobile/15E148 Safari/604.1 访问日期:2021-10-25 12:32:42 ├F10: AM┤ 响应时间:1ms
host:localhost:4000 method:GET url:/medical-project/api/category/getIconList? UA:Mozilla/5.0 (iPhone; CPU iPhone OS 13_2_3 like Mac OS X) AppleWebKit/605.1.15 (KHTML, like Gecko) Version/13.0.3 Mobile/15E148 Safari/604.1 访问日期:2021-10-25 12:32:42 ├F10: AM┤ 响应时间:1ms
host:localhost:4000 method:GET url:/medical-project/api/category/getIconList? UA:Mozilla/5.0 (iPhone; CPU iPhone OS 13_2_3 like Mac OS X) AppleWebKit/605.1.15 (KHTML, like Gecko) Version/13.0.3 Mobile/15E148 Safari/604.1 访问日期:2021-10-25 12:32:43 ├F10: AM┤ 响应时间:0ms
host:localhost:4000 method:GET url:/medical-project/api/category/getIconList? UA:Mozilla/5.0 (iPhone; CPU iPhone OS 13_2_3 like Mac OS X) AppleWebKit/605.1.15 (KHTML, like Gecko) Version/13.0.3 Mobile/15E148 Safari/604.1 访问日期:2021-10-25 12:32:44 ├F10: AM┤ 响应时间:0ms
host:localhost:4000 method:GET url:/medical-project/api/category/getIconList? UA:Mozilla/5.0 (iPhone; CPU iPhone OS 13_2_3 like Mac OS X) AppleWebKit/605.1.15 (KHTML, like Gecko) Version/13.0.3 Mobile/15E148 Safari/604.1 访问日期:2021-10-25 12:32:44 ├F10: AM┤ 响应时间:1ms
host:localhost:4000 method:GET url:/medical-project/api/category/getIconList? UA:Mozilla/5.0 (iPhone; CPU iPhone OS 13_2_3 like Mac OS X) AppleWebKit/605.1.15 (KHTML, like Gecko) Version/13.0.3 Mobile/15E148 Safari/604.1 访问日期:2021-10-25 12:32:45 ├F10: AM┤ 响应时间:0ms
host:localhost:4000 method:GET url:/medical-project/api/category/getIconList? UA:Mozilla/5.0 (iPhone; CPU iPhone OS 13_2_3 like Mac OS X) AppleWebKit/605.1.15 (KHTML, like Gecko) Version/13.0.3 Mobile/15E148 Safari/604.1 访问日期:2021-10-25 12:32:45 ├F10: AM┤ 响应时间:1ms
host:localhost:4000 method:GET url:/medical-project/api/category/getIconList? UA:Mozilla/5.0 (iPhone; CPU iPhone OS 13_2_3 like Mac OS X) AppleWebKit/605.1.15 (KHTML, like Gecko) Version/13.0.3 Mobile/15E148 Safari/604.1 访问日期:2021-10-25 12:32:46 ├F10: AM┤ 响应时间:0ms
host:localhost:4000 method:GET url:/medical-project/api/category/getIconList? UA:Mozilla/5.0 (iPhone; CPU iPhone OS 13_2_3 like Mac OS X) AppleWebKit/605.1.15 (KHTML, like Gecko) Version/13.0.3 Mobile/15E148 Safari/604.1 访问日期:2021-10-25 12:32:46 ├F10: AM┤ 响应时间:0ms
host:localhost:4000 method:GET url:/medical-project/api/category/getIconList? UA:Mozilla/5.0 (iPhone; CPU iPhone OS 13_2_3 like Mac OS X) AppleWebKit/605.1.15 (KHTML, like Gecko) Version/13.0.3 Mobile/15E148 Safari/604.1 访问日期:2021-10-25 12:32:47 ├F10: AM┤ 响应时间:1ms
host:localhost:4000 method:GET url:/medical-project/api/category/getIconList? UA:Mozilla/5.0 (iPhone; CPU iPhone OS 13_2_3 like Mac OS X) AppleWebKit/605.1.15 (KHTML, like Gecko) Version/13.0.3 Mobile/15E148 Safari/604.1 访问日期:2021-10-25 12:32:47 ├F10: AM┤ 响应时间:1ms
host:localhost:4000 method:GET url:/medical-project/api/category/getIconList? UA:Mozilla/5.0 (iPhone; CPU iPhone OS 13_2_3 like Mac OS X) AppleWebKit/605.1.15 (KHTML, like Gecko) Version/13.0.3 Mobile/15E148 Safari/604.1 访问日期:2021-10-25 12:32:48 ├F10: AM┤ 响应时间:1ms
host:localhost:4000 method:GET url:/medical-project/api/category/getIconList? UA:Mozilla/5.0 (iPhone; CPU iPhone OS 13_2_3 like Mac OS X) AppleWebKit/605.1.15 (KHTML, like Gecko) Version/13.0.3 Mobile/15E148 Safari/604.1 访问日期:2021-10-25 12:32:48 ├F10: AM┤ 响应时间:1ms
host:localhost:4000 method:GET url:/medical-project/api/category/getIconList? UA:Mozilla/5.0 (iPhone; CPU iPhone OS 13_2_3 like Mac OS X) AppleWebKit/605.1.15 (KHTML, like Gecko) Version/13.0.3 Mobile/15E148 Safari/604.1 访问日期:2021-10-25 12:32:49 ├F10: AM┤ 响应时间:0ms
host:localhost:4000 method:GET url:/medical-project/api/category/getIconList? UA:Mozilla/5.0 (iPhone; CPU iPhone OS 13_2_3 like Mac OS X) AppleWebKit/605.1.15 (KHTML, like Gecko) Version/13.0.3 Mobile/15E148 Safari/604.1 访问日期:2021-10-25 12:32:49 ├F10: AM┤ 响应时间:0ms
host:localhost:4000 method:GET url:/medical-project/api/category/getIconList? UA:Mozilla/5.0 (iPhone; CPU iPhone OS 13_2_3 like Mac OS X) AppleWebKit/605.1.15 (KHTML, like Gecko) Version/13.0.3 Mobile/15E148 Safari/604.1 访问日期:2021-10-25 12:32:50 ├F10: AM┤ 响应时间:0ms
host:localhost:4000 method:GET url:/medical-project/api/category/getIconList? UA:Mozilla/5.0 (iPhone; CPU iPhone OS 13_2_3 like Mac OS X) AppleWebKit/605.1.15 (KHTML, like Gecko) Version/13.0.3 Mobile/15E148 Safari/604.1 访问日期:2021-10-25 12:32:50 ├F10: AM┤ 响应时间:0ms
host:localhost:4000 method:GET url:/medical-project/api/category/getIconList? UA:Mozilla/5.0 (iPhone; CPU iPhone OS 13_2_3 like Mac OS X) AppleWebKit/605.1.15 (KHTML, like Gecko) Version/13.0.3 Mobile/15E148 Safari/604.1 访问日期:2021-10-25 12:32:51 ├F10: AM┤ 响应时间:1ms
host:localhost:4000 method:GET url:/medical-project/api/category/getIconList? UA:Mozilla/5.0 (iPhone; CPU iPhone OS 13_2_3 like Mac OS X) AppleWebKit/605.1.15 (KHTML, like Gecko) Version/13.0.3 Mobile/15E148 Safari/604.1 访问日期:2021-10-25 12:32:51 ├F10: AM┤ 响应时间:0ms
host:localhost:4000 method:GET url:/medical-project/api/category/getIconList? UA:Mozilla/5.0 (iPhone; CPU iPhone OS 13_2_3 like Mac OS X) AppleWebKit/605.1.15 (KHTML, like Gecko) Version/13.0.3 Mobile/15E148 Safari/604.1 访问日期:2021-10-25 12:32:52 ├F10: AM┤ 响应时间:0ms
host:localhost:4000 method:GET url:/medical-project/api/category/getIconList? UA:Mozilla/5.0 (iPhone; CPU iPhone OS 13_2_3 like Mac OS X) AppleWebKit/605.1.15 (KHTML, like Gecko) Version/13.0.3 Mobile/15E148 Safari/604.1 访问日期:2021-10-25 12:32:52 ├F10: AM┤ 响应时间:0ms
host:localhost:4000 method:GET url:/medical-project/api/category/getIconList? UA:Mozilla/5.0 (iPhone; CPU iPhone OS 13_2_3 like Mac OS X) AppleWebKit/605.1.15 (KHTML, like Gecko) Version/13.0.3 Mobile/15E148 Safari/604.1 访问日期:2021-10-25 12:32:53 ├F10: AM┤ 响应时间:0ms
host:localhost:4000 method:GET url:/medical-project/api/category/getIconList? UA:Mozilla/5.0 (iPhone; CPU iPhone OS 13_2_3 like Mac OS X) AppleWebKit/605.1.15 (KHTML, like Gecko) Version/13.0.3 Mobile/15E148 Safari/604.1 访问日期:2021-10-25 12:32:53 ├F10: AM┤ 响应时间:1ms
host:localhost:4000 method:GET url:/medical-project/api/category/getIconList? UA:Mozilla/5.0 (iPhone; CPU iPhone OS 13_2_3 like Mac OS X) AppleWebKit/605.1.15 (KHTML, like Gecko) Version/13.0.3 Mobile/15E148 Safari/604.1 访问日期:2021-10-25 12:32:54 ├F10: AM┤ 响应时间:0ms
host:localhost:4000 method:GET url:/medical-project/api/category/getIconList? UA:Mozilla/5.0 (iPhone; CPU iPhone OS 13_2_3 like Mac OS X) AppleWebKit/605.1.15 (KHTML, like Gecko) Version/13.0.3 Mobile/15E148 Safari/604.1 访问日期:2021-10-25 12:32:54 ├F10: AM┤ 响应时间:0ms
host:localhost:4000 method:GET url:/medical-project/api/category/getIconList? UA:Mozilla/5.0 (iPhone; CPU iPhone OS 13_2_3 like Mac OS X) AppleWebKit/605.1.15 (KHTML, like Gecko) Version/13.0.3 Mobile/15E148 Safari/604.1 访问日期:2021-10-25 12:32:55 ├F10: AM┤ 响应时间:0ms
host:localhost:4000 method:GET url:/medical-project/api/category/getIconList? UA:Mozilla/5.0 (iPhone; CPU iPhone OS 13_2_3 like Mac OS X) AppleWebKit/605.1.15 (KHTML, like Gecko) Version/13.0.3 Mobile/15E148 Safari/604.1 访问日期:2021-10-25 12:32:56 ├F10: AM┤ 响应时间:1ms
host:localhost:4000 method:GET url:/medical-project/api/category/getIconList? UA:Mozilla/5.0 (iPhone; CPU iPhone OS 13_2_3 like Mac OS X) AppleWebKit/605.1.15 (KHTML, like Gecko) Version/13.0.3 Mobile/15E148 Safari/604.1 访问日期:2021-10-25 12:32:56 ├F10: AM┤ 响应时间:0ms
host:localhost:4000 method:POST url:/medical-project/api/user/login UA:Mozilla/5.0 (iPhone; CPU iPhone OS 13_2_3 like Mac OS X) AppleWebKit/605.1.15 (KHTML, like Gecko) Version/13.0.3 Mobile/15E148 Safari/604.1 访问日期:2021-10-25 12:37:35 ├F10: AM┤ 响应时间:39ms
host:localhost:4000 method:GET url:/medical-project/api/category/getIconList? UA:Mozilla/5.0 (iPhone; CPU iPhone OS 13_2_3 like Mac OS X) AppleWebKit/605.1.15 (KHTML, like Gecko) Version/13.0.3 Mobile/15E148 Safari/604.1 访问日期:2021-10-25 12:37:36 ├F10: AM┤ 响应时间:29ms
host:localhost:4000 method:POST url:/medical-project/api/category/getSeckill UA:PostmanRuntime/7.28.4 访问日期:2021-10-25 1:01:40 ├F10: AM┤ 响应时间:2ms
host:localhost:4000 method:POST url:/medical-project/api/category/getSeckill UA:PostmanRuntime/7.28.4 访问日期:2021-10-25 1:02:12 ├F10: AM┤ 响应时间:21ms
host:localhost:4000 method:POST url:/medical-project/api/category/getSeckill UA:PostmanRuntime/7.28.4 访问日期:2021-10-25 1:06:57 ├F10: AM┤ 响应时间:19ms
host:localhost:4000 method:POST url:/medical-project/api/category/getSeckill UA:PostmanRuntime/7.28.4 访问日期:2021-10-25 1:07:17 ├F10: AM┤ 响应时间:19ms
host:localhost:4000 method:POST url:/medical-project/api/category/getSeckill UA:PostmanRuntime/7.28.4 访问日期:2021-10-25 1:07:21 ├F10: AM┤ 响应时间:1ms
host:localhost:4000 method:POST url:/medical-project/api/category/getSeckill UA:PostmanRuntime/7.28.4 访问日期:2021-10-25 1:07:52 ├F10: AM┤ 响应时间:21ms
host:localhost:4000 method:POST url:/medical-project/api/category/getSeckill UA:PostmanRuntime/7.28.4 访问日期:2021-10-25 1:08:18 ├F10: AM┤ 响应时间:4ms
host:localhost:4000 method:POST url:/medical-project/api/category/getSeckill UA:PostmanRuntime/7.28.4 访问日期:2021-10-25 1:08:51 ├F10: AM┤ 响应时间:20ms
host:localhost:4000 method:GET url:/medical-project/api/category/getIconList? UA:Mozilla/5.0 (Linux; Android 6.0; Nexus 5 Build/MRA58N) AppleWebKit/537.36 (KHTML, like Gecko) Chrome/99.0.4844.51 Mobile Safari/537.36 访问日期:2022-3-6 6:10:41 ├F10: PM┤ 响应时间:35ms
host:localhost:4000 method:GET url:/medical-project/api/category/getIconList? UA:Mozilla/5.0 (Linux; Android 6.0; Nexus 5 Build/MRA58N) AppleWebKit/537.36 (KHTML, like Gecko) Chrome/99.0.4844.51 Mobile Safari/537.36 访问日期:2022-3-6 8:20:48 ├F10: PM┤ 响应时间:35ms
host:localhost:4000 method:GET url:/medical-project/api/category/getIconList? UA:Mozilla/5.0 (Windows NT 10.0; Win64; x64) AppleWebKit/537.36 (KHTML, like Gecko) Chrome/99.0.4844.74 Safari/537.36 访问日期:2022-3-18 11:00:59 ├F10: AM┤ 响应时间:28ms
host:localhost:4000 method:GET url:/medical-project/api/category/getIconList? UA:Mozilla/5.0 (Linux; Android 6.0; Nexus 5 Build/MRA58N) AppleWebKit/537.36 (KHTML, like Gecko) Chrome/99.0.4844.74 Mobile Safari/537.36 访问日期:2022-3-18 11:02:46 ├F10: AM┤ 响应时间:7ms
host:localhost:4000 method:GET url:/medical-project/api/category/getIconList? UA:Mozilla/5.0 (Linux; Android 6.0; Nexus 5 Build/MRA58N) AppleWebKit/537.36 (KHTML, like Gecko) Chrome/99.0.4844.74 Mobile Safari/537.36 访问日期:2022-3-18 11:03:01 ├F10: AM┤ 响应时间:6ms
host:localhost:4000 method:GET url:/medical-project/api/category/getIconList? UA:Mozilla/5.0 (Windows NT 10.0; Win64; x64) AppleWebKit/537.36 (KHTML, like Gecko) Chrome/100.0.4896.75 Safari/537.36 访问日期:2022/4/10 下午3:09:48 响应时间:37ms
host:localhost:4000 method:GET url:/medical-project/api/category/getIconList? UA:Mozilla/5.0 (iPhone; CPU iPhone OS 13_2_3 like Mac OS X) AppleWebKit/605.1.15 (KHTML, like Gecko) Version/13.0.3 Mobile/15E148 Safari/604.1 访问日期:2022/4/10 下午3:10:07 响应时间:7ms
host:localhost:4000 method:GET url:/medical-project/api/category/getIconList? UA:Mozilla/5.0 (iPhone; CPU iPhone OS 13_2_3 like Mac OS X) AppleWebKit/605.1.15 (KHTML, like Gecko) Version/13.0.3 Mobile/15E148 Safari/604.1 访问日期:2022/4/10 下午3:24:27 响应时间:7ms
host:localhost:4000 method:GET url:/medical-project/api/category/getIconList? UA:Mozilla/5.0 (iPhone; CPU iPhone OS 13_2_3 like Mac OS X) AppleWebKit/605.1.15 (KHTML, like Gecko) Version/13.0.3 Mobile/15E148 Safari/604.1 访问日期:2022/4/10 下午3:24:38 响应时间:6ms
host:localhost:4000 method:GET url:/medical-project/api/category/getIconList? UA:Mozilla/5.0 (iPhone; CPU iPhone OS 13_2_3 like Mac OS X) AppleWebKit/605.1.15 (KHTML, like Gecko) Version/13.0.3 Mobile/15E148 Safari/604.1 访问日期:2022/4/10 下午3:24:51 响应时间:6ms
host:localhost:4000 method:GET url:/medical-project/api/category/getIconList? UA:Mozilla/5.0 (iPhone; CPU iPhone OS 13_2_3 like Mac OS X) AppleWebKit/605.1.15 (KHTML, like Gecko) Version/13.0.3 Mobile/15E148 Safari/604.1 访问日期:2022/4/10 下午3:25:30 响应时间:6ms
host:localhost:4000 method:GET url:/medical-project/api/category/getIconList? UA:Mozilla/5.0 (iPhone; CPU iPhone OS 13_2_3 like Mac OS X) AppleWebKit/605.1.15 (KHTML, like Gecko) Version/13.0.3 Mobile/15E148 Safari/604.1 访问日期:2022/4/10 下午3:25:36 响应时间:6ms
host:localhost:4000 method:GET url:/medical-project/api/category/getIconList? UA:Mozilla/5.0 (iPhone; CPU iPhone OS 13_2_3 like Mac OS X) AppleWebKit/605.1.15 (KHTML, like Gecko) Version/13.0.3 Mobile/15E148 Safari/604.1 访问日期:2022/4/10 下午3:25:57 响应时间:5ms
host:localhost:4000 method:GET url:/medical-project/api/category/getIconList? UA:Mozilla/5.0 (iPhone; CPU iPhone OS 13_2_3 like Mac OS X) AppleWebKit/605.1.15 (KHTML, like Gecko) Version/13.0.3 Mobile/15E148 Safari/604.1 访问日期:2022/4/10 下午3:25:59 响应时间:5ms
host:localhost:4000 method:POST url:/medical-project/api/user/login UA:Mozilla/5.0 (iPhone; CPU iPhone OS 13_2_3 like Mac OS X) AppleWebKit/605.1.15 (KHTML, like Gecko) Version/13.0.3 Mobile/15E148 Safari/604.1 访问日期:2022/4/10 下午3:26:38 响应时间:6ms
host:localhost:4000 method:POST url:/medical-project/api/user/login UA:Mozilla/5.0 (iPhone; CPU iPhone OS 13_2_3 like Mac OS X) AppleWebKit/605.1.15 (KHTML, like Gecko) Version/13.0.3 Mobile/15E148 Safari/604.1 访问日期:2022/4/10 下午3:27:28 响应时间:14ms
host:localhost:4000 method:GET url:/medical-project/api/category/getIconList? UA:Mozilla/5.0 (iPhone; CPU iPhone OS 13_2_3 like Mac OS X) AppleWebKit/605.1.15 (KHTML, like Gecko) Version/13.0.3 Mobile/15E148 Safari/604.1 访问日期:2022/4/10 下午9:33:54 响应时间:8ms
host:localhost:4000 method:POST url:/medical-project/api/user/login UA:Mozilla/5.0 (iPhone; CPU iPhone OS 13_2_3 like Mac OS X) AppleWebKit/605.1.15 (KHTML, like Gecko) Version/13.0.3 Mobile/15E148 Safari/604.1 访问日期:2022/4/10 下午9:42:29 响应时间:1ms
host:localhost:4000 method:POST url:/medical-project/api/user/login UA:Mozilla/5.0 (iPhone; CPU iPhone OS 13_2_3 like Mac OS X) AppleWebKit/605.1.15 (KHTML, like Gecko) Version/13.0.3 Mobile/15E148 Safari/604.1 访问日期:2022/4/10 下午9:42:37 响应时间:2ms
host:localhost:4000 method:POST url:/medical-project/api/user/login UA:Mozilla/5.0 (iPhone; CPU iPhone OS 13_2_3 like Mac OS X) AppleWebKit/605.1.15 (KHTML, like Gecko) Version/13.0.3 Mobile/15E148 Safari/604.1 访问日期:2022/4/10 下午9:42:55 响应时间:2ms
host:localhost:4000 method:POST url:/medical-project/api/user/login UA:Mozilla/5.0 (iPhone; CPU iPhone OS 13_2_3 like Mac OS X) AppleWebKit/605.1.15 (KHTML, like Gecko) Version/13.0.3 Mobile/15E148 Safari/604.1 访问日期:2022/4/10 下午9:43:19 响应时间:1ms
host:localhost:4000 method:POST url:/medical-project/api/user/login UA:Mozilla/5.0 (iPhone; CPU iPhone OS 13_2_3 like Mac OS X) AppleWebKit/605.1.15 (KHTML, like Gecko) Version/13.0.3 Mobile/15E148 Safari/604.1 访问日期:2022/4/10 下午9:53:32 响应时间:1ms
host:localhost:4000 method:GET url:/medical-project/api/category/getIconList? UA:Mozilla/5.0 (iPhone; CPU iPhone OS 13_2_3 like Mac OS X) AppleWebKit/605.1.15 (KHTML, like Gecko) Version/13.0.3 Mobile/15E148 Safari/604.1 访问日期:2022/4/10 下午9:54:22 响应时间:6ms
host:localhost:4000 method:GET url:/medical-project/api/category/getIconList? UA:Mozilla/5.0 (iPhone; CPU iPhone OS 13_2_3 like Mac OS X) AppleWebKit/605.1.15 (KHTML, like Gecko) Version/13.0.3 Mobile/15E148 Safari/604.1 访问日期:2022/4/10 下午9:54:57 响应时间:5ms
host:localhost:4000 method:GET url:/medical-project/api/category/getIconList? UA:Mozilla/5.0 (iPhone; CPU iPhone OS 13_2_3 like Mac OS X) AppleWebKit/605.1.15 (KHTML, like Gecko) Version/13.0.3 Mobile/15E148 Safari/604.1 访问日期:2022/4/10 下午9:55:09 响应时间:5ms
host:localhost:4000 method:GET url:/medical-project/api/category/getIconList? UA:Mozilla/5.0 (iPhone; CPU iPhone OS 13_2_3 like Mac OS X) AppleWebKit/605.1.15 (KHTML, like Gecko) Version/13.0.3 Mobile/15E148 Safari/604.1 访问日期:2022/4/10 下午9:55:37 响应时间:5ms
host:localhost:4000 method:GET url:/medical-project/api/category/getIconList? UA:Mozilla/5.0 (iPhone; CPU iPhone OS 13_2_3 like Mac OS X) AppleWebKit/605.1.15 (KHTML, like Gecko) Version/13.0.3 Mobile/15E148 Safari/604.1 访问日期:2022/4/10 下午10:07:29 响应时间:3ms
host:localhost:4000 method:GET url:/medical-project/api/category/getIconList? UA:Mozilla/5.0 (iPhone; CPU iPhone OS 13_2_3 like Mac OS X) AppleWebKit/605.1.15 (KHTML, like Gecko) Version/13.0.3 Mobile/15E148 Safari/604.1 访问日期:2022/4/10 下午10:10:04 响应时间:2ms
host:localhost:4000 method:GET url:/medical-project/api/category/getIconList? UA:Mozilla/5.0 (iPhone; CPU iPhone OS 13_2_3 like Mac OS X) AppleWebKit/605.1.15 (KHTML, like Gecko) Version/13.0.3 Mobile/15E148 Safari/604.1 访问日期:2022/4/10 下午10:11:23 响应时间:3ms
host:localhost:4000 method:GET url:/medical-project/api/category/getIconList? UA:Mozilla/5.0 (iPhone; CPU iPhone OS 13_2_3 like Mac OS X) AppleWebKit/605.1.15 (KHTML, like Gecko) Version/13.0.3 Mobile/15E148 Safari/604.1 访问日期:2022/4/10 下午10:11:33 响应时间:3ms
host:localhost:4000 method:GET url:/medical-project/api/category/getIconList? UA:Mozilla/5.0 (iPhone; CPU iPhone OS 13_2_3 like Mac OS X) AppleWebKit/605.1.15 (KHTML, like Gecko) Version/13.0.3 Mobile/15E148 Safari/604.1 访问日期:2022/4/10 下午10:11:41 响应时间:3ms
host:localhost:4000 method:GET url:/medical-project/api/category/getIconList? UA:Mozilla/5.0 (iPhone; CPU iPhone OS 13_2_3 like Mac OS X) AppleWebKit/605.1.15 (KHTML, like Gecko) Version/13.0.3 Mobile/15E148 Safari/604.1 访问日期:2022/4/10 下午10:11:41 响应时间:3ms
host:localhost:4000 method:GET url:/medical-project/api/category/getIconList? UA:Mozilla/5.0 (iPhone; CPU iPhone OS 13_2_3 like Mac OS X) AppleWebKit/605.1.15 (KHTML, like Gecko) Version/13.0.3 Mobile/15E148 Safari/604.1 访问日期:2022/4/10 下午10:11:42 响应时间:2ms
host:localhost:4000 method:GET url:/medical-project/api/category/getIconList? UA:Mozilla/5.0 (iPhone; CPU iPhone OS 13_2_3 like Mac OS X) AppleWebKit/605.1.15 (KHTML, like Gecko) Version/13.0.3 Mobile/15E148 Safari/604.1 访问日期:2022/4/10 下午10:11:42 响应时间:3ms
host:localhost:4000 method:GET url:/medical-project/api/category/getIconList? UA:Mozilla/5.0 (iPhone; CPU iPhone OS 13_2_3 like Mac OS X) AppleWebKit/605.1.15 (KHTML, like Gecko) Version/13.0.3 Mobile/15E148 Safari/604.1 访问日期:2022/4/10 下午10:11:44 响应时间:3ms
host:localhost:4000 method:GET url:/medical-project/api/category/getIconList? UA:Mozilla/5.0 (iPhone; CPU iPhone OS 13_2_3 like Mac OS X) AppleWebKit/605.1.15 (KHTML, like Gecko) Version/13.0.3 Mobile/15E148 Safari/604.1 访问日期:2022/4/10 下午10:12:27 响应时间:2ms
host:localhost:4000 method:GET url:/medical-project/api/category/getIconList? UA:Mozilla/5.0 (iPhone; CPU iPhone OS 13_2_3 like Mac OS X) AppleWebKit/605.1.15 (KHTML, like Gecko) Version/13.0.3 Mobile/15E148 Safari/604.1 访问日期:2022/4/10 下午10:12:30 响应时间:3ms
host:localhost:4000 method:GET url:/medical-project/api/category/getIconList? UA:Mozilla/5.0 (iPhone; CPU iPhone OS 13_2_3 like Mac OS X) AppleWebKit/605.1.15 (KHTML, like Gecko) Version/13.0.3 Mobile/15E148 Safari/604.1 访问日期:2022/4/10 下午10:12:36 响应时间:2ms
host:localhost:4000 method:GET url:/medical-project/api/category/getIconList? UA:Mozilla/5.0 (iPhone; CPU iPhone OS 13_2_3 like Mac OS X) AppleWebKit/605.1.15 (KHTML, like Gecko) Version/13.0.3 Mobile/15E148 Safari/604.1 访问日期:2022/4/10 下午10:13:17 响应时间:3ms
host:localhost:4000 method:GET url:/medical-project/api/category/getIconList? UA:Mozilla/5.0 (iPhone; CPU iPhone OS 13_2_3 like Mac OS X) AppleWebKit/605.1.15 (KHTML, like Gecko) Version/13.0.3 Mobile/15E148 Safari/604.1 访问日期:2022/4/10 下午10:13:20 响应时间:3ms
host:localhost:4000 method:GET url:/medical-project/api/category/getIconList? UA:Mozilla/5.0 (iPhone; CPU iPhone OS 13_2_3 like Mac OS X) AppleWebKit/605.1.15 (KHTML, like Gecko) Version/13.0.3 Mobile/15E148 Safari/604.1 访问日期:2022/4/10 下午10:14:08 响应时间:3ms
host:localhost:4000 method:GET url:/medical-project/api/category/getIconList? UA:Mozilla/5.0 (iPhone; CPU iPhone OS 13_2_3 like Mac OS X) AppleWebKit/605.1.15 (KHTML, like Gecko) Version/13.0.3 Mobile/15E148 Safari/604.1 访问日期:2022/4/10 下午10:14:17 响应时间:3ms
host:localhost:4000 method:GET url:/medical-project/api/category/getIconList? UA:Mozilla/5.0 (iPhone; CPU iPhone OS 13_2_3 like Mac OS X) AppleWebKit/605.1.15 (KHTML, like Gecko) Version/13.0.3 Mobile/15E148 Safari/604.1 访问日期:2022/4/10 下午10:14:32 响应时间:3ms
host:localhost:4000 method:GET url:/medical-project/api/category/getIconList? UA:Mozilla/5.0 (iPhone; CPU iPhone OS 13_2_3 like Mac OS X) AppleWebKit/605.1.15 (KHTML, like Gecko) Version/13.0.3 Mobile/15E148 Safari/604.1 访问日期:2022/4/10 下午10:14:40 响应时间:2ms
host:localhost:4000 method:GET url:/medical-project/api/category/getIconList? UA:Mozilla/5.0 (iPhone; CPU iPhone OS 13_2_3 like Mac OS X) AppleWebKit/605.1.15 (KHTML, like Gecko) Version/13.0.3 Mobile/15E148 Safari/604.1 访问日期:2022/4/10 下午10:14:58 响应时间:2ms
host:localhost:4000 method:GET url:/medical-project/api/category/getIconList? UA:Mozilla/5.0 (iPhone; CPU iPhone OS 13_2_3 like Mac OS X) AppleWebKit/605.1.15 (KHTML, like Gecko) Version/13.0.3 Mobile/15E148 Safari/604.1 访问日期:2022/4/10 下午10:15:19 响应时间:2ms
host:localhost:4000 method:GET url:/medical-project/api/category/getIconList? UA:Mozilla/5.0 (iPhone; CPU iPhone OS 13_2_3 like Mac OS X) AppleWebKit/605.1.15 (KHTML, like Gecko) Version/13.0.3 Mobile/15E148 Safari/604.1 访问日期:2022/4/10 下午10:17:27 响应时间:3ms
host:localhost:4000 method:GET url:/medical-project/api/category/getIconList? UA:Mozilla/5.0 (iPhone; CPU iPhone OS 13_2_3 like Mac OS X) AppleWebKit/605.1.15 (KHTML, like Gecko) Version/13.0.3 Mobile/15E148 Safari/604.1 访问日期:2022/4/10 下午10:17:30 响应时间:3ms
host:localhost:4000 method:GET url:/medical-project/api/category/getIconList? UA:Mozilla/5.0 (iPhone; CPU iPhone OS 13_2_3 like Mac OS X) AppleWebKit/605.1.15 (KHTML, like Gecko) Version/13.0.3 Mobile/15E148 Safari/604.1 访问日期:2022/4/10 下午10:17:32 响应时间:3ms
host:localhost:4000 method:GET url:/medical-project/api/category/getIconList? UA:Mozilla/5.0 (iPhone; CPU iPhone OS 13_2_3 like Mac OS X) AppleWebKit/605.1.15 (KHTML, like Gecko) Version/13.0.3 Mobile/15E148 Safari/604.1 访问日期:2022/4/10 下午10:17:59 响应时间:3ms
host:localhost:4000 method:GET url:/medical-project/api/category/getIconList? UA:Mozilla/5.0 (iPhone; CPU iPhone OS 13_2_3 like Mac OS X) AppleWebKit/605.1.15 (KHTML, like Gecko) Version/13.0.3 Mobile/15E148 Safari/604.1 访问日期:2022/4/10 下午10:18:02 响应时间:2ms
host:localhost:4000 method:GET url:/medical-project/api/newlist/getAllNewList UA:Mozilla/5.0 (Windows NT 10.0; Win64; x64) AppleWebKit/537.36 (KHTML, like Gecko) Chrome/100.0.4896.75 Safari/537.36 访问日期:2022/4/10 下午10:34:24 响应时间:17ms
host:localhost:4000 method:GET url:/favicon.ico UA:Mozilla/5.0 (Windows NT 10.0; Win64; x64) AppleWebKit/537.36 (KHTML, like Gecko) Chrome/100.0.4896.75 Safari/537.36 访问日期:2022/4/10 下午10:34:25 响应时间:0ms
host:localhost:4000 method:GET url:/medical-project/api/category/getIconList? UA:Mozilla/5.0 (iPhone; CPU iPhone OS 13_2_3 like Mac OS X) AppleWebKit/605.1.15 (KHTML, like Gecko) Version/13.0.3 Mobile/15E148 Safari/604.1 访问日期:2022/4/10 下午10:35:17 响应时间:5ms
host:localhost:4000 method:GET url:/medical-project/api/category/getIconList? UA:Mozilla/5.0 (iPhone; CPU iPhone OS 13_2_3 like Mac OS X) AppleWebKit/605.1.15 (KHTML, like Gecko) Version/13.0.3 Mobile/15E148 Safari/604.1 访问日期:2022/4/10 下午10:35:26 响应时间:3ms
host:localhost:4000 method:GET url:/medical-project/api/category/getIconList? UA:Mozilla/5.0 (iPhone; CPU iPhone OS 13_2_3 like Mac OS X) AppleWebKit/605.1.15 (KHTML, like Gecko) Version/13.0.3 Mobile/15E148 Safari/604.1 访问日期:2022/4/10 下午10:35:39 响应时间:3ms
host:localhost:4000 method:GET url:/medical-project/api/category/getIconList? UA:Mozilla/5.0 (iPhone; CPU iPhone OS 13_2_3 like Mac OS X) AppleWebKit/605.1.15 (KHTML, like Gecko) Version/13.0.3 Mobile/15E148 Safari/604.1 访问日期:2022/4/10 下午10:35:56 响应时间:3ms
host:localhost:4000 method:GET url:/medical-project/api/category/getIconList? UA:Mozilla/5.0 (iPhone; CPU iPhone OS 13_2_3 like Mac OS X) AppleWebKit/605.1.15 (KHTML, like Gecko) Version/13.0.3 Mobile/15E148 Safari/604.1 访问日期:2022/4/10 下午10:36:55 响应时间:3ms
host:localhost:4000 method:GET url:/medical-project/api/newlist/getAllNewList? UA:Mozilla/5.0 (iPhone; CPU iPhone OS 13_2_3 like Mac OS X) AppleWebKit/605.1.15 (KHTML, like Gecko) Version/13.0.3 Mobile/15E148 Safari/604.1 访问日期:2022/4/10 下午10:36:55 响应时间:1ms
host:localhost:4000 method:GET url:/medical-project/api/category/getIconList? UA:Mozilla/5.0 (iPhone; CPU iPhone OS 13_2_3 like Mac OS X) AppleWebKit/605.1.15 (KHTML, like Gecko) Version/13.0.3 Mobile/15E148 Safari/604.1 访问日期:2022/4/10 下午10:37:34 响应时间:3ms
host:localhost:4000 method:GET url:/medical-project/api/newlist/getAllNewList? UA:Mozilla/5.0 (iPhone; CPU iPhone OS 13_2_3 like Mac OS X) AppleWebKit/605.1.15 (KHTML, like Gecko) Version/13.0.3 Mobile/15E148 Safari/604.1 访问日期:2022/4/10 下午10:37:34 响应时间:5ms
host:localhost:4000 method:GET url:/medical-project/api/category/getIconList? UA:Mozilla/5.0 (iPhone; CPU iPhone OS 13_2_3 like Mac OS X) AppleWebKit/605.1.15 (KHTML, like Gecko) Version/13.0.3 Mobile/15E148 Safari/604.1 访问日期:2022/4/10 下午10:38:18 响应时间:6ms
host:localhost:4000 method:GET url:/medical-project/api/newlist/getAllNewList? UA:Mozilla/5.0 (iPhone; CPU iPhone OS 13_2_3 like Mac OS X) AppleWebKit/605.1.15 (KHTML, like Gecko) Version/13.0.3 Mobile/15E148 Safari/604.1 访问日期:2022/4/10 下午10:38:18 响应时间:7ms
host:localhost:4000 method:GET url:/medical-project/api/category/getIconList? UA:Mozilla/5.0 (iPhone; CPU iPhone OS 13_2_3 like Mac OS X) AppleWebKit/605.1.15 (KHTML, like Gecko) Version/13.0.3 Mobile/15E148 Safari/604.1 访问日期:2022/4/10 下午10:38:43 响应时间:4ms
host:localhost:4000 method:GET url:/medical-project/api/newlist/getAllNewList? UA:Mozilla/5.0 (iPhone; CPU iPhone OS 13_2_3 like Mac OS X) AppleWebKit/605.1.15 (KHTML, like Gecko) Version/13.0.3 Mobile/15E148 Safari/604.1 访问日期:2022/4/10 下午10:38:43 响应时间:6ms
host:localhost:4000 method:GET url:/medical-project/api/category/getIconList? UA:Mozilla/5.0 (iPhone; CPU iPhone OS 13_2_3 like Mac OS X) AppleWebKit/605.1.15 (KHTML, like Gecko) Version/13.0.3 Mobile/15E148 Safari/604.1 访问日期:2022/4/10 下午10:38:54 响应时间:3ms
host:localhost:4000 method:GET url:/medical-project/api/newlist/getAllNewList? UA:Mozilla/5.0 (iPhone; CPU iPhone OS 13_2_3 like Mac OS X) AppleWebKit/605.1.15 (KHTML, like Gecko) Version/13.0.3 Mobile/15E148 Safari/604.1 访问日期:2022/4/10 下午10:38:54 响应时间:4ms
host:localhost:4000 method:GET url:/medical-project/api/category/getIconList? UA:Mozilla/5.0 (iPhone; CPU iPhone OS 13_2_3 like Mac OS X) AppleWebKit/605.1.15 (KHTML, like Gecko) Version/13.0.3 Mobile/15E148 Safari/604.1 访问日期:2022/4/10 下午10:39:03 响应时间:4ms
host:localhost:4000 method:GET url:/medical-project/api/newlist/getAllNewList? UA:Mozilla/5.0 (iPhone; CPU iPhone OS 13_2_3 like Mac OS X) AppleWebKit/605.1.15 (KHTML, like Gecko) Version/13.0.3 Mobile/15E148 Safari/604.1 访问日期:2022/4/10 下午10:39:03 响应时间:1ms
host:localhost:4000 method:GET url:/medical-project/api/category/getIconList? UA:Mozilla/5.0 (iPhone; CPU iPhone OS 13_2_3 like Mac OS X) AppleWebKit/605.1.15 (KHTML, like Gecko) Version/13.0.3 Mobile/15E148 Safari/604.1 访问日期:2022/4/10 下午10:39:10 响应时间:3ms
host:localhost:4000 method:GET url:/medical-project/api/newlist/getAllNewList? UA:Mozilla/5.0 (iPhone; CPU iPhone OS 13_2_3 like Mac OS X) AppleWebKit/605.1.15 (KHTML, like Gecko) Version/13.0.3 Mobile/15E148 Safari/604.1 访问日期:2022/4/10 下午10:39:10 响应时间:4ms
host:localhost:4000 method:GET url:/medical-project/api/category/getIconList? UA:Mozilla/5.0 (iPhone; CPU iPhone OS 13_2_3 like Mac OS X) AppleWebKit/605.1.15 (KHTML, like Gecko) Version/13.0.3 Mobile/15E148 Safari/604.1 访问日期:2022/4/10 下午10:39:16 响应时间:5ms
host:localhost:4000 method:GET url:/medical-project/api/newlist/getAllNewList? UA:Mozilla/5.0 (iPhone; CPU iPhone OS 13_2_3 like Mac OS X) AppleWebKit/605.1.15 (KHTML, like Gecko) Version/13.0.3 Mobile/15E148 Safari/604.1 访问日期:2022/4/10 下午10:39:16 响应时间:7ms
host:localhost:4000 method:GET url:/medical-project/api/category/getIconList? UA:Mozilla/5.0 (iPhone; CPU iPhone OS 13_2_3 like Mac OS X) AppleWebKit/605.1.15 (KHTML, like Gecko) Version/13.0.3 Mobile/15E148 Safari/604.1 访问日期:2022/4/10 下午10:40:13 响应时间:3ms
host:localhost:4000 method:GET url:/medical-project/api/newlist/getAllNewList? UA:Mozilla/5.0 (iPhone; CPU iPhone OS 13_2_3 like Mac OS X) AppleWebKit/605.1.15 (KHTML, like Gecko) Version/13.0.3 Mobile/15E148 Safari/604.1 访问日期:2022/4/10 下午10:40:13 响应时间:0ms
host:localhost:4000 method:GET url:/medical-project/api/category/getIconList? UA:Mozilla/5.0 (iPhone; CPU iPhone OS 13_2_3 like Mac OS X) AppleWebKit/605.1.15 (KHTML, like Gecko) Version/13.0.3 Mobile/15E148 Safari/604.1 访问日期:2022/4/10 下午10:40:20 响应时间:4ms
host:localhost:4000 method:GET url:/medical-project/api/newlist/getAllNewList? UA:Mozilla/5.0 (iPhone; CPU iPhone OS 13_2_3 like Mac OS X) AppleWebKit/605.1.15 (KHTML, like Gecko) Version/13.0.3 Mobile/15E148 Safari/604.1 访问日期:2022/4/10 下午10:40:20 响应时间:4ms
host:localhost:4000 method:GET url:/medical-project/api/category/getIconList? UA:Mozilla/5.0 (iPhone; CPU iPhone OS 13_2_3 like Mac OS X) AppleWebKit/605.1.15 (KHTML, like Gecko) Version/13.0.3 Mobile/15E148 Safari/604.1 访问日期:2022/4/10 下午10:40:25 响应时间:3ms
host:localhost:4000 method:GET url:/medical-project/api/newlist/getAllNewList? UA:Mozilla/5.0 (iPhone; CPU iPhone OS 13_2_3 like Mac OS X) AppleWebKit/605.1.15 (KHTML, like Gecko) Version/13.0.3 Mobile/15E148 Safari/604.1 访问日期:2022/4/10 下午10:40:25 响应时间:4ms
host:localhost:4000 method:GET url:/medical-project/api/category/getIconList? UA:Mozilla/5.0 (iPhone; CPU iPhone OS 13_2_3 like Mac OS X) AppleWebKit/605.1.15 (KHTML, like Gecko) Version/13.0.3 Mobile/15E148 Safari/604.1 访问日期:2022/4/10 下午10:40:55 响应时间:3ms
host:localhost:4000 method:GET url:/medical-project/api/newlist/getAllNewList? UA:Mozilla/5.0 (iPhone; CPU iPhone OS 13_2_3 like Mac OS X) AppleWebKit/605.1.15 (KHTML, like Gecko) Version/13.0.3 Mobile/15E148 Safari/604.1 访问日期:2022/4/10 下午10:40:55 响应时间:8ms
host:localhost:4000 method:GET url:/medical-project/api/newlist/getAllNewList? UA:Mozilla/5.0 (iPhone; CPU iPhone OS 13_2_3 like Mac OS X) AppleWebKit/605.1.15 (KHTML, like Gecko) Version/13.0.3 Mobile/15E148 Safari/604.1 访问日期:2022/4/10 下午10:41:01 响应时间:5ms
host:localhost:4000 method:GET url:/medical-project/api/category/getIconList? UA:Mozilla/5.0 (iPhone; CPU iPhone OS 13_2_3 like Mac OS X) AppleWebKit/605.1.15 (KHTML, like Gecko) Version/13.0.3 Mobile/15E148 Safari/604.1 访问日期:2022/4/10 下午10:41:01 响应时间:4ms
host:localhost:4000 method:GET url:/medical-project/api/category/getIconList? UA:Mozilla/5.0 (iPhone; CPU iPhone OS 13_2_3 like Mac OS X) AppleWebKit/605.1.15 (KHTML, like Gecko) Version/13.0.3 Mobile/15E148 Safari/604.1 访问日期:2022/4/10 下午10:41:03 响应时间:3ms
host:localhost:4000 method:GET url:/medical-project/api/newlist/getAllNewList? UA:Mozilla/5.0 (iPhone; CPU iPhone OS 13_2_3 like Mac OS X) AppleWebKit/605.1.15 (KHTML, like Gecko) Version/13.0.3 Mobile/15E148 Safari/604.1 访问日期:2022/4/10 下午10:41:03 响应时间:5ms
host:localhost:4000 method:GET url:/medical-project/api/category/getIconList? UA:Mozilla/5.0 (iPhone; CPU iPhone OS 13_2_3 like Mac OS X) AppleWebKit/605.1.15 (KHTML, like Gecko) Version/13.0.3 Mobile/15E148 Safari/604.1 访问日期:2022/4/10 下午10:41:11 响应时间:3ms
host:localhost:4000 method:GET url:/medical-project/api/newlist/getAllNewList? UA:Mozilla/5.0 (iPhone; CPU iPhone OS 13_2_3 like Mac OS X) AppleWebKit/605.1.15 (KHTML, like Gecko) Version/13.0.3 Mobile/15E148 Safari/604.1 访问日期:2022/4/10 下午10:41:11 响应时间:1ms
host:localhost:4000 method:GET url:/medical-project/api/category/getIconList? UA:Mozilla/5.0 (iPhone; CPU iPhone OS 13_2_3 like Mac OS X) AppleWebKit/605.1.15 (KHTML, like Gecko) Version/13.0.3 Mobile/15E148 Safari/604.1 访问日期:2022/4/10 下午10:41:13 响应时间:3ms
host:localhost:4000 method:GET url:/medical-project/api/newlist/getAllNewList? UA:Mozilla/5.0 (iPhone; CPU iPhone OS 13_2_3 like Mac OS X) AppleWebKit/605.1.15 (KHTML, like Gecko) Version/13.0.3 Mobile/15E148 Safari/604.1 访问日期:2022/4/10 下午10:41:13 响应时间:5ms
host:localhost:4000 method:GET url:/medical-project/api/category/getIconList? UA:Mozilla/5.0 (iPhone; CPU iPhone OS 13_2_3 like Mac OS X) AppleWebKit/605.1.15 (KHTML, like Gecko) Version/13.0.3 Mobile/15E148 Safari/604.1 访问日期:2022/4/10 下午10:42:20 响应时间:3ms
host:localhost:4000 method:GET url:/medical-project/api/newlist/getAllNewList? UA:Mozilla/5.0 (iPhone; CPU iPhone OS 13_2_3 like Mac OS X) AppleWebKit/605.1.15 (KHTML, like Gecko) Version/13.0.3 Mobile/15E148 Safari/604.1 访问日期:2022/4/10 下午10:42:20 响应时间:1ms
host:localhost:4000 method:GET url:/medical-project/api/category/getIconList? UA:Mozilla/5.0 (iPhone; CPU iPhone OS 13_2_3 like Mac OS X) AppleWebKit/605.1.15 (KHTML, like Gecko) Version/13.0.3 Mobile/15E148 Safari/604.1 访问日期:2022/4/10 下午10:42:23 响应时间:3ms
host:localhost:4000 method:GET url:/medical-project/api/newlist/getAllNewList? UA:Mozilla/5.0 (iPhone; CPU iPhone OS 13_2_3 like Mac OS X) AppleWebKit/605.1.15 (KHTML, like Gecko) Version/13.0.3 Mobile/15E148 Safari/604.1 访问日期:2022/4/10 下午10:42:23 响应时间:5ms
host:localhost:4000 method:GET url:/medical-project/api/category/getIconList? UA:Mozilla/5.0 (iPhone; CPU iPhone OS 13_2_3 like Mac OS X) AppleWebKit/605.1.15 (KHTML, like Gecko) Version/13.0.3 Mobile/15E148 Safari/604.1 访问日期:2022/4/10 下午10:42:28 响应时间:4ms
host:localhost:4000 method:GET url:/medical-project/api/newlist/getAllNewList? UA:Mozilla/5.0 (iPhone; CPU iPhone OS 13_2_3 like Mac OS X) AppleWebKit/605.1.15 (KHTML, like Gecko) Version/13.0.3 Mobile/15E148 Safari/604.1 访问日期:2022/4/10 下午10:42:28 响应时间:6ms
host:localhost:4000 method:GET url:/medical-project/api/category/getIconList? UA:Mozilla/5.0 (iPhone; CPU iPhone OS 13_2_3 like Mac OS X) AppleWebKit/605.1.15 (KHTML, like Gecko) Version/13.0.3 Mobile/15E148 Safari/604.1 访问日期:2022/4/10 下午10:42:30 响应时间:3ms
host:localhost:4000 method:GET url:/medical-project/api/newlist/getAllNewList? UA:Mozilla/5.0 (iPhone; CPU iPhone OS 13_2_3 like Mac OS X) AppleWebKit/605.1.15 (KHTML, like Gecko) Version/13.0.3 Mobile/15E148 Safari/604.1 访问日期:2022/4/10 下午10:42:30 响应时间:4ms
host:localhost:4000 method:GET url:/medical-project/api/category/getIconList? UA:Mozilla/5.0 (iPhone; CPU iPhone OS 13_2_3 like Mac OS X) AppleWebKit/605.1.15 (KHTML, like Gecko) Version/13.0.3 Mobile/15E148 Safari/604.1 访问日期:2022/4/10 下午10:45:55 响应时间:5ms
host:localhost:4000 method:GET url:/medical-project/api/newlist/getAllNewList? UA:Mozilla/5.0 (iPhone; CPU iPhone OS 13_2_3 like Mac OS X) AppleWebKit/605.1.15 (KHTML, like Gecko) Version/13.0.3 Mobile/15E148 Safari/604.1 访问日期:2022/4/10 下午10:45:55 响应时间:1ms
host:localhost:4000 method:GET url:/medical-project/api/category/getIconList? UA:Mozilla/5.0 (iPhone; CPU iPhone OS 13_2_3 like Mac OS X) AppleWebKit/605.1.15 (KHTML, like Gecko) Version/13.0.3 Mobile/15E148 Safari/604.1 访问日期:2022/4/10 下午10:52:38 响应时间:3ms
host:localhost:4000 method:GET url:/medical-project/api/newlist/getAllNewList? UA:Mozilla/5.0 (iPhone; CPU iPhone OS 13_2_3 like Mac OS X) AppleWebKit/605.1.15 (KHTML, like Gecko) Version/13.0.3 Mobile/15E148 Safari/604.1 访问日期:2022/4/10 下午10:52:38 响应时间:4ms
host:localhost:4000 method:GET url:/medical-project/api/category/getIconList? UA:Mozilla/5.0 (iPhone; CPU iPhone OS 13_2_3 like Mac OS X) AppleWebKit/605.1.15 (KHTML, like Gecko) Version/13.0.3 Mobile/15E148 Safari/604.1 访问日期:2022/4/10 下午10:52:41 响应时间:2ms
host:localhost:4000 method:GET url:/medical-project/api/newlist/getAllNewList? UA:Mozilla/5.0 (iPhone; CPU iPhone OS 13_2_3 like Mac OS X) AppleWebKit/605.1.15 (KHTML, like Gecko) Version/13.0.3 Mobile/15E148 Safari/604.1 访问日期:2022/4/10 下午10:52:41 响应时间:4ms
host:localhost:4000 method:GET url:/medical-project/api/category/getIconList? UA:Mozilla/5.0 (iPhone; CPU iPhone OS 13_2_3 like Mac OS X) AppleWebKit/605.1.15 (KHTML, like Gecko) Version/13.0.3 Mobile/15E148 Safari/604.1 访问日期:2022/4/10 下午10:52:46 响应时间:3ms
host:localhost:4000 method:GET url:/medical-project/api/newlist/getAllNewList? UA:Mozilla/5.0 (iPhone; CPU iPhone OS 13_2_3 like Mac OS X) AppleWebKit/605.1.15 (KHTML, like Gecko) Version/13.0.3 Mobile/15E148 Safari/604.1 访问日期:2022/4/10 下午10:52:46 响应时间:1ms
host:localhost:4000 method:GET url:/medical-project/api/category/getIconList? UA:Mozilla/5.0 (iPhone; CPU iPhone OS 13_2_3 like Mac OS X) AppleWebKit/605.1.15 (KHTML, like Gecko) Version/13.0.3 Mobile/15E148 Safari/604.1 访问日期:2022/4/10 下午10:53:15 响应时间:3ms
host:localhost:4000 method:GET url:/medical-project/api/newlist/getAllNewList? UA:Mozilla/5.0 (iPhone; CPU iPhone OS 13_2_3 like Mac OS X) AppleWebKit/605.1.15 (KHTML, like Gecko) Version/13.0.3 Mobile/15E148 Safari/604.1 访问日期:2022/4/10 下午10:53:15 响应时间:5ms
host:localhost:4000 method:GET url:/medical-project/api/category/getIconList? UA:Mozilla/5.0 (iPhone; CPU iPhone OS 13_2_3 like Mac OS X) AppleWebKit/605.1.15 (KHTML, like Gecko) Version/13.0.3 Mobile/15E148 Safari/604.1 访问日期:2022/4/10 下午10:57:15 响应时间:27ms
host:localhost:4000 method:GET url:/medical-project/api/newlist/getAllNewList? UA:Mozilla/5.0 (iPhone; CPU iPhone OS 13_2_3 like Mac OS X) AppleWebKit/605.1.15 (KHTML, like Gecko) Version/13.0.3 Mobile/15E148 Safari/604.1 访问日期:2022/4/10 下午10:57:15 响应时间:30ms
host:localhost:4000 method:GET url:/medical-project/api/category/getIconList? UA:Mozilla/5.0 (iPhone; CPU iPhone OS 13_2_3 like Mac OS X) AppleWebKit/605.1.15 (KHTML, like Gecko) Version/13.0.3 Mobile/15E148 Safari/604.1 访问日期:2022/4/10 下午10:57:44 响应时间:6ms
host:localhost:4000 method:GET url:/medical-project/api/newlist/getAllNewList? UA:Mozilla/5.0 (iPhone; CPU iPhone OS 13_2_3 like Mac OS X) AppleWebKit/605.1.15 (KHTML, like Gecko) Version/13.0.3 Mobile/15E148 Safari/604.1 访问日期:2022/4/10 下午10:57:44 响应时间:1ms
host:localhost:4000 method:GET url:/medical-project/api/category/getIconList? UA:Mozilla/5.0 (iPhone; CPU iPhone OS 13_2_3 like Mac OS X) AppleWebKit/605.1.15 (KHTML, like Gecko) Version/13.0.3 Mobile/15E148 Safari/604.1 访问日期:2022/4/10 下午10:58:45 响应时间:2ms
host:localhost:4000 method:GET url:/medical-project/api/newlist/getAllNewList? UA:Mozilla/5.0 (iPhone; CPU iPhone OS 13_2_3 like Mac OS X) AppleWebKit/605.1.15 (KHTML, like Gecko) Version/13.0.3 Mobile/15E148 Safari/604.1 访问日期:2022/4/10 下午10:58:45 响应时间:4ms
host:localhost:4000 method:GET url:/medical-project/api/category/getIconList? UA:Mozilla/5.0 (iPhone; CPU iPhone OS 13_2_3 like Mac OS X) AppleWebKit/605.1.15 (KHTML, like Gecko) Version/13.0.3 Mobile/15E148 Safari/604.1 访问日期:2022/4/10 下午10:58:46 响应时间:3ms
host:localhost:4000 method:GET url:/medical-project/api/newlist/getAllNewList? UA:Mozilla/5.0 (iPhone; CPU iPhone OS 13_2_3 like Mac OS X) AppleWebKit/605.1.15 (KHTML, like Gecko) Version/13.0.3 Mobile/15E148 Safari/604.1 访问日期:2022/4/10 下午10:58:46 响应时间:5ms
host:localhost:4000 method:GET url:/medical-project/api/category/getIconList? UA:Mozilla/5.0 (iPhone; CPU iPhone OS 13_2_3 like Mac OS X) AppleWebKit/605.1.15 (KHTML, like Gecko) Version/13.0.3 Mobile/15E148 Safari/604.1 访问日期:2022/4/10 下午10:59:10 响应时间:4ms
host:localhost:4000 method:GET url:/medical-project/api/newlist/getAllNewList? UA:Mozilla/5.0 (iPhone; CPU iPhone OS 13_2_3 like Mac OS X) AppleWebKit/605.1.15 (KHTML, like Gecko) Version/13.0.3 Mobile/15E148 Safari/604.1 访问日期:2022/4/10 下午10:59:10 响应时间:1ms
host:localhost:4000 method:GET url:/medical-project/api/category/getIconList? UA:Mozilla/5.0 (iPhone; CPU iPhone OS 13_2_3 like Mac OS X) AppleWebKit/605.1.15 (KHTML, like Gecko) Version/13.0.3 Mobile/15E148 Safari/604.1 访问日期:2022/4/10 下午10:59:16 响应时间:3ms
host:localhost:4000 method:GET url:/medical-project/api/newlist/getAllNewList? UA:Mozilla/5.0 (iPhone; CPU iPhone OS 13_2_3 like Mac OS X) AppleWebKit/605.1.15 (KHTML, like Gecko) Version/13.0.3 Mobile/15E148 Safari/604.1 访问日期:2022/4/10 下午10:59:16 响应时间:5ms
host:localhost:4000 method:GET url:/medical-project/api/category/getIconList? UA:Mozilla/5.0 (iPhone; CPU iPhone OS 13_2_3 like Mac OS X) AppleWebKit/605.1.15 (KHTML, like Gecko) Version/13.0.3 Mobile/15E148 Safari/604.1 访问日期:2022/4/10 下午10:59:25 响应时间:3ms
host:localhost:4000 method:GET url:/medical-project/api/newlist/getAllNewList? UA:Mozilla/5.0 (iPhone; CPU iPhone OS 13_2_3 like Mac OS X) AppleWebKit/605.1.15 (KHTML, like Gecko) Version/13.0.3 Mobile/15E148 Safari/604.1 访问日期:2022/4/10 下午10:59:25 响应时间:4ms
host:localhost:4000 method:GET url:/medical-project/api/category/getIconList? UA:Mozilla/5.0 (iPhone; CPU iPhone OS 13_2_3 like Mac OS X) AppleWebKit/605.1.15 (KHTML, like Gecko) Version/13.0.3 Mobile/15E148 Safari/604.1 访问日期:2022/4/10 下午11:00:56 响应时间:3ms
host:localhost:4000 method:GET url:/medical-project/api/newlist/getAllNewList? UA:Mozilla/5.0 (iPhone; CPU iPhone OS 13_2_3 like Mac OS X) AppleWebKit/605.1.15 (KHTML, like Gecko) Version/13.0.3 Mobile/15E148 Safari/604.1 访问日期:2022/4/10 下午11:00:56 响应时间:4ms
